TN:
SF:src/adaptiveCardFormatter.js
FN:7,loadTemplate
FN:12,formatSearchResults
FN:17,(anonymous_2)
FN:32,formatErrorCard
FNF:4
FNH:4
FNDA:2,loadTemplate
FNDA:1,formatSearchResults
FNDA:2,(anonymous_2)
FNDA:1,formatErrorCard
DA:1,1
DA:2,1
DA:3,1
DA:4,1
DA:5,1
DA:8,2
DA:9,2
DA:13,1
DA:14,1
DA:15,1
DA:17,2
DA:27,1
DA:28,1
DA:29,1
DA:33,1
DA:34,1
DA:35,1
DA:36,1
DA:37,1
DA:40,1
LF:20
LH:20
BRDA:12,0,0,1
BRDA:12,1,0,1
BRDA:20,2,0,2
BRDA:20,2,1,0
BRDA:20,2,2,0
BRF:5
BRH:3
end_of_record
TN:
SF:src/bot.js
FN:21,(anonymous_0)
FNF:1
FNH:0
FNDA:0,(anonymous_0)
DA:1,0
DA:2,0
DA:3,0
DA:4,0
DA:5,0
DA:6,0
DA:7,0
DA:8,0
DA:12,0
DA:16,0
DA:21,0
DA:22,0
DA:23,0
DA:24,0
DA:26,0
DA:29,0
DA:30,0
DA:31,0
DA:33,0
DA:34,0
DA:36,0
DA:37,0
DA:38,0
DA:39,0
DA:42,0
DA:44,0
DA:45,0
DA:46,0
DA:48,0
DA:52,0
DA:53,0
DA:55,0
DA:56,0
DA:57,0
DA:58,0
DA:62,0
LF:36
LH:0
BRDA:22,0,0,0
BRDA:22,0,1,0
BRDA:36,1,0,0
BRDA:36,1,1,0
BRDA:36,2,0,0
BRDA:36,2,1,0
BRDA:57,3,0,0
BRDA:57,3,1,0
BRF:8
BRH:0
end_of_record
TN:
SF:src/config.js
FN:3,requireEnv
FNF:1
FNH:0
FNDA:0,requireEnv
DA:1,0
DA:4,0
DA:5,0
DA:7,0
DA:10,0
DA:31,0
LF:6
LH:0
BRDA:4,0,0,0
BRDA:4,0,1,0
BRDA:22,1,0,0
BRDA:22,1,1,0
BRDA:23,2,0,0
BRDA:23,2,1,0
BRDA:26,3,0,0
BRDA:26,3,1,0
BRDA:27,4,0,0
BRDA:27,4,1,0
BRF:10
BRH:0
end_of_record
TN:
SF:src/confluenceClient.js
FN:13,search
FN:33,(anonymous_1)
FN:43,(anonymous_2)
FNF:3
FNH:0
FNDA:0,search
FNDA:0,(anonymous_1)
FNDA:0,(anonymous_2)
DA:1,0
DA:2,0
DA:3,0
DA:4,0
DA:5,0
DA:7,0
DA:8,0
DA:14,0
DA:15,0
DA:17,0
DA:18,0
DA:19,0
DA:21,0
DA:22,0
DA:23,0
DA:24,0
DA:25,0
DA:26,0
DA:27,0
DA:32,0
DA:33,0
DA:40,0
DA:41,0
DA:42,0
DA:43,0
DA:44,0
DA:45,0
DA:46,0
DA:48,0
DA:49,0
DA:53,0
DA:56,0
LF:32
LH:0
BRDA:13,0,0,0
BRDA:13,1,0,0
BRDA:14,2,0,0
BRDA:14,2,1,0
BRDA:14,3,0,0
BRDA:14,3,1,0
BRDA:14,3,2,0
BRDA:18,4,0,0
BRDA:18,4,1,0
BRDA:18,5,0,0
BRDA:18,5,1,0
BRDA:18,5,2,0
BRDA:36,6,0,0
BRDA:36,6,1,0
BRDA:41,7,0,0
BRDA:41,7,1,0
BRDA:41,8,0,0
BRDA:41,8,1,0
BRDA:41,8,2,0
BRDA:44,9,0,0
BRDA:44,9,1,0
BRDA:44,10,0,0
BRDA:44,10,1,0
BRF:23
BRH:0
end_of_record
TN:
SF:src/openaiClient.js
FN:12,loadPromptTemplate
FN:16,interpretQuestion
FN:49,summarizeContent
FNF:3
FNH:0
FNDA:0,loadPromptTemplate
FNDA:0,interpretQuestion
FNDA:0,summarizeContent
DA:1,0
DA:2,0
DA:3,0
DA:4,0
DA:5,0
DA:6,0
DA:7,0
DA:8,0
DA:10,0
DA:13,0
DA:17,0
DA:18,0
DA:20,0
DA:21,0
DA:22,0
DA:23,0
DA:24,0
DA:25,0
DA:31,0
DA:33,0
DA:34,0
DA:35,0
DA:37,0
DA:38,0
DA:40,0
DA:41,0
DA:42,0
DA:44,0
DA:45,0
DA:50,0
DA:51,0
DA:53,0
DA:54,0
DA:55,0
DA:56,0
DA:57,0
DA:58,0
DA:64,0
DA:65,0
DA:66,0
DA:67,0
DA:68,0
DA:70,0
DA:71,0
DA:75,0
LF:45
LH:0
BRDA:17,0,0,0
BRDA:17,0,1,0
BRDA:17,1,0,0
BRDA:17,1,1,0
BRDA:17,1,2,0
BRDA:22,2,0,0
BRDA:22,2,1,0
BRDA:50,3,0,0
BRDA:50,3,1,0
BRDA:50,4,0,0
BRDA:50,4,1,0
BRDA:50,4,2,0
BRDA:55,5,0,0
BRDA:55,5,1,0
BRDA:65,6,0,0
BRDA:65,6,1,0
BRDA:65,7,0,0
BRDA:65,7,1,0
BRF:18
BRH:0
end_of_record
TN:
SF:src/responseFormatter.js
FN:1,truncate
FN:6,format
FN:10,(anonymous_2)
FNF:3
FNH:0
FNDA:0,truncate
FNDA:0,format
FNDA:0,(anonymous_2)
DA:2,0
DA:3,0
DA:7,0
DA:8,0
DA:10,0
DA:13,0
LF:6
LH:0
BRDA:1,0,0,0
BRDA:2,1,0,0
BRDA:2,1,1,0
BRDA:3,2,0,0
BRDA:3,2,1,0
BRDA:7,3,0,0
BRDA:7,3,1,0
BRDA:7,4,0,0
BRDA:7,4,1,0
BRF:9
BRH:0
end_of_record
TN:
SF:src/utils/cacheManager.js
FN:6,validateKey
FN:12,validateTTL
FN:18,validateValue
FN:22,get
FN:33,set
FN:39,(anonymous_5)
FN:44,clear
FN:45,(anonymous_7)
FNF:8
FNH:0
FNDA:0,validateKey
FNDA:0,validateTTL
FNDA:0,validateValue
FNDA:0,get
FNDA:0,set
FNDA:0,(anonymous_5)
FNDA:0,clear
FNDA:0,(anonymous_7)
DA:1,0
DA:2,0
DA:3,0
DA:4,0
DA:7,0
DA:8,0
DA:13,0
DA:14,0
DA:19,0
DA:23,0
DA:24,0
DA:25,0
DA:26,0
DA:27,0
DA:28,0
DA:30,0
DA:34,0
DA:35,0
DA:36,0
DA:37,0
DA:39,0
DA:41,0
DA:45,0
DA:48,0
LF:24
LH:0
BRDA:7,0,0,0
BRDA:7,0,1,0
BRDA:7,1,0,0
BRDA:7,1,1,0
BRDA:7,1,2,0
BRDA:13,2,0,0
BRDA:13,2,1,0
BRDA:13,3,0,0
BRDA:13,3,1,0
BRDA:13,3,2,0
BRDA:19,4,0,0
BRDA:19,4,1,0
BRDA:25,5,0,0
BRDA:25,5,1,0
BRDA:26,6,0,0
BRDA:26,6,1,0
BRDA:33,7,0,0
BRDA:37,8,0,0
BRDA:37,8,1,0
BRF:19
BRH:0
end_of_record
TN:
SF:src/utils/errorHandler.js
FN:3,handleError
FNF:1
FNH:0
FNDA:0,handleError
DA:1,0
DA:4,0
DA:5,0
DA:6,0
DA:7,0
DA:12,0
DA:18,0
LF:7
LH:0
BRDA:3,0,0,0
BRDA:4,1,0,0
BRDA:4,1,1,0
BRDA:6,2,0,0
BRDA:6,2,1,0
BRDA:14,3,0,0
BRDA:14,3,1,0
BRF:7
BRH:0
end_of_record
TN:
SF:src/utils/logger.js
FN:5,getCorrelationId
FN:10,validateLogArgs
FN:11,(anonymous_2)
FN:14,log
FN:23,logApiCall
FN:27,logTokenUsage
FN:31,logError
FN:38,(anonymous_7)
FN:39,(anonymous_8)
FN:40,(anonymous_9)
FN:41,(anonymous_10)
FNF:11
FNH:0
FNDA:0,getCorrelationId
FNDA:0,validateLogArgs
FNDA:0,(anonymous_2)
FNDA:0,log
FNDA:0,logApiCall
FNDA:0,logTokenUsage
FNDA:0,logError
FNDA:0,(anonymous_7)
FNDA:0,(anonymous_8)
FNDA:0,(anonymous_9)
FNDA:0,(anonymous_10)
DA:1,0
DA:2,0
DA:3,0
DA:6,0
DA:7,0
DA:11,0
DA:15,0
DA:16,0
DA:17,0
DA:18,0
DA:19,0
DA:24,0
DA:28,0
DA:32,0
DA:37,0
DA:38,0
DA:39,0
DA:40,0
DA:41,0
LF:19
LH:0
BRDA:2,0,0,0
BRDA:2,0,1,0
BRDA:6,1,0,0
BRDA:6,1,1,0
BRDA:11,2,0,0
BRDA:11,2,1,0
BRDA:15,3,0,0
BRDA:15,3,1,0
BRDA:19,4,0,0
BRDA:19,4,1,0
BRDA:31,5,0,0
BRF:11
BRH:0
end_of_record
TN:
SF:src/utils/queryParser.js
FN:4,parse
FN:17,aiIntentToCql
FNF:2
FNH:0
FNDA:0,parse
FNDA:0,aiIntentToCql
DA:1,0
DA:2,0
DA:5,0
DA:6,0
DA:7,0
DA:8,0
DA:9,0
DA:10,0
DA:11,0
DA:14,0
DA:18,0
DA:20,0
DA:22,0
DA:25,0
LF:14
LH:0
BRDA:5,0,0,0
BRDA:5,0,1,0
BRDA:5,1,0,0
BRDA:5,1,1,0
BRDA:5,1,2,0
BRDA:8,2,0,0
BRDA:8,2,1,0
BRDA:11,3,0,0
BRDA:11,3,1,0
BRDA:18,4,0,0
BRDA:18,4,1,0
BRDA:18,5,0,0
BRDA:18,5,1,0
BRDA:20,6,0,0
BRDA:20,6,1,0
BRDA:20,7,0,0
BRDA:20,7,1,0
BRF:17
BRH:0
end_of_record
TN:
SF:src/validators/cardValidator.js
FN:7,validateAdaptiveCard
FNF:1
FNH:1
FNDA:4,validateAdaptiveCard
DA:1,2
DA:2,2
DA:3,2
DA:5,2
DA:8,4
DA:9,4
DA:10,1
DA:12,3
DA:15,2
LF:9
LH:9
BRDA:9,0,0,1
BRDA:9,0,1,3
BRF:2
BRH:2
end_of_record
TN:
SF:src/validators/configValidator.js
FN:16,validateConfig
FN:19,(anonymous_1)
FNF:2
FNH:2
FNDA:2,validateConfig
FNDA:7,(anonymous_1)
DA:1,1
DA:3,1
DA:17,2
DA:18,2
DA:19,7
DA:21,0
DA:24,1
LF:7
LH:6
BRDA:18,0,0,2
BRDA:18,0,1,0
BRF:2
BRH:1
end_of_record
TN:
SF:src/validators/confluenceValidator.js
FN:7,validateConfluence
FNF:1
FNH:0
FNDA:0,validateConfluence
DA:1,0
DA:2,0
DA:3,0
DA:5,0
DA:8,0
DA:9,0
DA:10,0
DA:12,0
DA:15,0
LF:9
LH:0
BRDA:9,0,0,0
BRDA:9,0,1,0
BRF:2
BRH:0
end_of_record
TN:
SF:src/validators/messageValidator.js
FN:10,validateMessage
FN:13,(anonymous_1)
FN:18,sanitizeText
FNF:3
FNH:3
FNDA:2,validateMessage
FNDA:1,(anonymous_1)
FNDA:9,sanitizeText
DA:1,2
DA:3,2
DA:11,2
DA:12,2
DA:13,1
DA:15,1
DA:19,9
DA:22,2
LF:8
LH:8
BRDA:12,0,0,1
BRDA:12,0,1,1
BRF:2
BRH:2
end_of_record
TN:
SF:src/validators/openaiValidator.js
FN:7,validateAIResponse
FNF:1
FNH:1
FNDA:2,validateAIResponse
DA:1,1
DA:2,1
DA:3,1
DA:5,1
DA:8,2
DA:9,2
DA:10,1
DA:12,1
DA:15,1
LF:9
LH:9
BRDA:9,0,0,1
BRDA:9,0,1,1
BRF:2
BRH:2
end_of_record
